  FontGeometry.cpp
  GlyphGeometry.cpp
  GridAtlasPacker.cpp
  Padding.cpp
  TightAtlasPacker.cpp
  artery-font-export.cpp
  bitmap-blit.cpp
  csv-export.cpp
D:\dev\C++\Oregano\Oregano\vendor\msdf-atlas-gen\msdf-atlas-gen\TightAtlasPacker.cpp(60,109): warning C4267: "Argument": Konvertierung von "size_t" nach "int", Datenverlust möglich
D:\dev\C++\Oregano\Oregano\vendor\msdf-atlas-gen\msdf-atlas-gen\TightAtlasPacker.cpp(63,103): warning C4267: "Argument": Konvertierung von "size_t" nach "int", Datenverlust möglich
D:\dev\C++\Oregano\Oregano\vendor\msdf-atlas-gen\msdf-atlas-gen\TightAtlasPacker.cpp(66,103): warning C4267: "Argument": Konvertierung von "size_t" nach "int", Datenverlust möglich
D:\dev\C++\Oregano\Oregano\vendor\msdf-atlas-gen\msdf-atlas-gen\TightAtlasPacker.cpp(69,103): warning C4267: "Argument": Konvertierung von "size_t" nach "int", Datenverlust möglich
D:\dev\C++\Oregano\Oregano\vendor\msdf-atlas-gen\msdf-atlas-gen\TightAtlasPacker.cpp(73,102): warning C4267: "Argument": Konvertierung von "size_t" nach "int", Datenverlust möglich
D:\dev\C++\Oregano\Oregano\vendor\msdf-atlas-gen\msdf-atlas-gen\TightAtlasPacker.cpp(80,75): warning C4267: "Argument": Konvertierung von "size_t" nach "int", Datenverlust möglich
  glyph-generators.cpp
D:\dev\C++\Oregano\Oregano\vendor\msdf-atlas-gen\msdf-atlas-gen\GridAtlasPacker.cpp(514,37): warning C4244: "return": Konvertierung von "__int64" in "int", möglicher Datenverlust
  image-encode.cpp
  json-export.cpp
  shadron-preview-generator.cpp
D:\dev\C++\Oregano\Oregano\vendor\msdf-atlas-gen\artery-font-format\artery-font\stdio-serialization.hpp(9,17): warning C4267: "return": Konvertierung von "size_t" nach "int", Datenverlust möglich
  (Quelldatei „msdf-atlas-gen/artery-font-export.cpp“ wird kompiliert)
  
D:\dev\C++\Oregano\Oregano\vendor\msdf-atlas-gen\artery-font-format\artery-font\stdio-serialization.hpp(13,18): warning C4267: "return": Konvertierung von "size_t" nach "int", Datenverlust möglich
  (Quelldatei „msdf-atlas-gen/artery-font-export.cpp“ wird kompiliert)
  
D:\dev\C++\Oregano\Oregano\vendor\msdf-atlas-gen\msdf-atlas-gen\artery-font-export.cpp(85,99): warning C4267: "Argument": Konvertierung von "size_t" nach "int", Datenverlust möglich
      D:\dev\C++\Oregano\Oregano\vendor\msdf-atlas-gen\msdf-atlas-gen\artery-font-export.cpp(85,99):
      der Vorlageninstanziierungskontext (der älteste zuerst) ist
          D:\dev\C++\Oregano\Oregano\vendor\msdf-atlas-gen\msdf-atlas-gen\artery-font-export.cpp(189,15):
          Siehe Verweis auf die gerade kompilierte Instanziierung "bool msdf_atlas::exportArteryFont<float,msdfgen::byte,1>(const msdf_atlas::FontGeometry *,int,const msdfgen::BitmapConstRef<msdfgen::byte,1> &,const char *,const msdf_atlas::ArteryFontExportProperties &)" der Funktions-Vorlage.
  
  msdf-atlas-gen.vcxproj -> D:\dev\C++\Oregano\Oregano\vendor\msdf-atlas-gen\bin\Debug-windows-x86_64\msdf-atlas-gen\msdf-atlas-gen.lib
