d:\dev\c++\oregano\oregano\vendor\msdf-atlas-gen\bin\debug-windows-x86_64\msdf-atlas-gen\msdf-atlas-gen.pdb
d:\dev\c++\oregano\oregano\vendor\msdf-atlas-gen\bin\debug-windows-x86_64\msdf-atlas-gen\msdf-atlas-gen.idb
d:\dev\c++\oregano\oregano\vendor\msdf-atlas-gen\bin-int\debug-windows-x86_64\msdf-atlas-gen\artery-font-export.obj
d:\dev\c++\oregano\oregano\vendor\msdf-atlas-gen\bin-int\debug-windows-x86_64\msdf-atlas-gen\glyphgeometry.obj
d:\dev\c++\oregano\oregano\vendor\msdf-atlas-gen\bin-int\debug-windows-x86_64\msdf-atlas-gen\json-export.obj
d:\dev\c++\oregano\oregano\vendor\msdf-atlas-gen\bin-int\debug-windows-x86_64\msdf-atlas-gen\fontgeometry.obj
d:\dev\c++\oregano\oregano\vendor\msdf-atlas-gen\bin-int\debug-windows-x86_64\msdf-atlas-gen\gridatlaspacker.obj
d:\dev\c++\oregano\oregano\vendor\msdf-atlas-gen\bin-int\debug-windows-x86_64\msdf-atlas-gen\image-encode.obj
d:\dev\c++\oregano\oregano\vendor\msdf-atlas-gen\bin-int\debug-windows-x86_64\msdf-atlas-gen\padding.obj
d:\dev\c++\oregano\oregano\vendor\msdf-atlas-gen\bin-int\debug-windows-x86_64\msdf-atlas-gen\glyph-generators.obj
d:\dev\c++\oregano\oregano\vendor\msdf-atlas-gen\bin-int\debug-windows-x86_64\msdf-atlas-gen\tightatlaspacker.obj
d:\dev\c++\oregano\oregano\vendor\msdf-atlas-gen\bin-int\debug-windows-x86_64\msdf-atlas-gen\bitmap-blit.obj
d:\dev\c++\oregano\oregano\vendor\msdf-atlas-gen\bin-int\debug-windows-x86_64\msdf-atlas-gen\shadron-preview-generator.obj
d:\dev\c++\oregano\oregano\vendor\msdf-atlas-gen\bin-int\debug-windows-x86_64\msdf-atlas-gen\csv-export.obj
d:\dev\c++\oregano\oregano\vendor\msdf-atlas-gen\bin-int\debug-windows-x86_64\msdf-atlas-gen\size-selectors.obj
d:\dev\c++\oregano\oregano\vendor\msdf-atlas-gen\bin-int\debug-windows-x86_64\msdf-atlas-gen\rectanglepacker.obj
d:\dev\c++\oregano\oregano\vendor\msdf-atlas-gen\bin-int\debug-windows-x86_64\msdf-atlas-gen\charset-parser.obj
d:\dev\c++\oregano\oregano\vendor\msdf-atlas-gen\bin-int\debug-windows-x86_64\msdf-atlas-gen\main.obj
d:\dev\c++\oregano\oregano\vendor\msdf-atlas-gen\bin-int\debug-windows-x86_64\msdf-atlas-gen\utf8.obj
d:\dev\c++\oregano\oregano\vendor\msdf-atlas-gen\bin-int\debug-windows-x86_64\msdf-atlas-gen\workload.obj
d:\dev\c++\oregano\oregano\vendor\msdf-atlas-gen\bin-int\debug-windows-x86_64\msdf-atlas-gen\charset.obj
d:\dev\c++\oregano\oregano\vendor\msdf-atlas-gen\bin\debug-windows-x86_64\msdf-atlas-gen\msdf-atlas-gen.lib
d:\dev\c++\oregano\oregano\vendor\msdf-atlas-gen\bin-int\debug-windows-x86_64\msdf-atlas-gen\msdf-atlas-gen.tlog\cl.command.1.tlog
d:\dev\c++\oregano\oregano\vendor\msdf-atlas-gen\bin-int\debug-windows-x86_64\msdf-atlas-gen\msdf-atlas-gen.tlog\cl.items.tlog
d:\dev\c++\oregano\oregano\vendor\msdf-atlas-gen\bin-int\debug-windows-x86_64\msdf-atlas-gen\msdf-atlas-gen.tlog\cl.read.1.tlog
d:\dev\c++\oregano\oregano\vendor\msdf-atlas-gen\bin-int\debug-windows-x86_64\msdf-atlas-gen\msdf-atlas-gen.tlog\cl.write.1.tlog
d:\dev\c++\oregano\oregano\vendor\msdf-atlas-gen\bin-int\debug-windows-x86_64\msdf-atlas-gen\msdf-atlas-gen.tlog\lib-link.read.1.tlog
d:\dev\c++\oregano\oregano\vendor\msdf-atlas-gen\bin-int\debug-windows-x86_64\msdf-atlas-gen\msdf-atlas-gen.tlog\lib-link.write.1.tlog
d:\dev\c++\oregano\oregano\vendor\msdf-atlas-gen\bin-int\debug-windows-x86_64\msdf-atlas-gen\msdf-atlas-gen.tlog\lib.command.1.tlog
